<?xml version="1.0" encoding="UTF-8"?>
<testng-results skipped="0" failed="0" ignored="0" total="2" passed="2">
  <reporter-output>
    <line>
      <![CDATA[Registration successful]]>
    </line>
    <line>
      <![CDATA[roundtrip is dispalyed]]>
    </line>
    <line>
      <![CDATA[onetrip is dispalyed]]>
    </line>
    <line>
      <![CDATA[passenger is dispalyed]]>
    </line>
    <line>
      <![CDATA[departingfrom is dispalyed]]>
    </line>
    <line>
      <![CDATA[onmonth is dispalyed]]>
    </line>
    <line>
      <![CDATA[onday is dispalyed]]>
    </line>
    <line>
      <![CDATA[arrivingin is dispalyed]]>
    </line>
    <line>
      <![CDATA[returningmonth is dispalyed]]>
    </line>
    <line>
      <![CDATA[returningday is dispalyed]]>
    </line>
  </reporter-output>
  <suite name="Suite" duration-ms="55885" started-at="2018-02-15T11:06:48Z" finished-at="2018-02-15T11:07:44Z">
    <groups>
    </groups>
    <test name="Test" duration-ms="55885" started-at="2018-02-15T11:06:48Z" finished-at="2018-02-15T11:07:44Z">
      <class name="com.mercurynewtours.tests.Signin_Test">
        <test-method status="PASS" signature="preCondition()[pri:0, instance:com.mercurynewtours.tests.Signin_Test@b0bfab]" name="preCondition" is-config="true" duration-ms="11726" started-at="2018-02-15T16:37:15Z" finished-at="2018-02-15T16:37:27Z">
          <reporter-output>
          </reporter-output>
        </test-method> <!-- preCondition -->
        <test-method status="PASS" signature="signIn()[pri:1, instance:com.mercurynewtours.tests.Signin_Test@b0bfab]" name="signIn" duration-ms="17332" started-at="2018-02-15T16:37:27Z" finished-at="2018-02-15T16:37:44Z">
          <reporter-output>
            <line>
              <![CDATA[roundtrip is dispalyed]]>
            </line>
            <line>
              <![CDATA[onetrip is dispalyed]]>
            </line>
            <line>
              <![CDATA[passenger is dispalyed]]>
            </line>
            <line>
              <![CDATA[departingfrom is dispalyed]]>
            </line>
            <line>
              <![CDATA[onmonth is dispalyed]]>
            </line>
            <line>
              <![CDATA[onday is dispalyed]]>
            </line>
            <line>
              <![CDATA[arrivingin is dispalyed]]>
            </line>
            <line>
              <![CDATA[returningmonth is dispalyed]]>
            </line>
            <line>
              <![CDATA[returningday is dispalyed]]>
            </line>
          </reporter-output>
        </test-method> <!-- signIn -->
        <test-method status="PASS" signature="postCondition()[pri:0, instance:com.mercurynewtours.tests.Signin_Test@b0bfab]" name="postCondition" is-config="true" duration-ms="139" started-at="2018-02-15T16:37:44Z" finished-at="2018-02-15T16:37:44Z">
          <reporter-output>
          </reporter-output>
        </test-method> <!-- postCondition -->
      </class> <!-- com.mercurynewtours.tests.Signin_Test -->
      <class name="com.mercurynewtours.tests.UserRegistration_Test">
        <test-method status="PASS" signature="preCondition()[pri:0, instance:com.mercurynewtours.tests.UserRegistration_Test@1d677df]" name="preCondition" is-config="true" duration-ms="10687" started-at="2018-02-15T16:36:48Z" finished-at="2018-02-15T16:36:59Z">
          <reporter-output>
          </reporter-output>
        </test-method> <!-- preCondition -->
        <test-method status="PASS" signature="userRegistration()[pri:0, instance:com.mercurynewtours.tests.UserRegistration_Test@1d677df]" name="userRegistration" duration-ms="15817" started-at="2018-02-15T16:36:59Z" finished-at="2018-02-15T16:37:15Z">
          <reporter-output>
            <line>
              <![CDATA[Registration successful]]>
            </line>
          </reporter-output>
        </test-method> <!-- userRegistration -->
        <test-method status="PASS" signature="postCondition()[pri:0, instance:com.mercurynewtours.tests.UserRegistration_Test@1d677df]" name="postCondition" is-config="true" duration-ms="143" started-at="2018-02-15T16:37:15Z" finished-at="2018-02-15T16:37:15Z">
          <reporter-output>
          </reporter-output>
        </test-method> <!-- postCondition -->
      </class> <!-- com.mercurynewtours.tests.UserRegistration_Test -->
    </test> <!-- Test -->
  </suite> <!-- Suite -->
</testng-results>
