<?xml version="1.0" encoding="UTF-8"?>
<testng-results skipped="0" failed="0" ignored="0" total="1" passed="1">
  <reporter-output>
  </reporter-output>
  <suite name="Default suite" duration-ms="91620" started-at="2018-02-15T05:52:30Z" finished-at="2018-02-15T05:54:02Z">
    <groups>
    </groups>
    <test name="Default test" duration-ms="91620" started-at="2018-02-15T05:52:30Z" finished-at="2018-02-15T05:54:02Z">
      <class name="com.mercurynewtours.tests.UserRegistration_Test">
        <test-method status="PASS" signature="preCondition()[pri:0, instance:com.mercurynewtours.tests.UserRegistration_Test@feb982]" name="preCondition" is-config="true" duration-ms="14467" started-at="2018-02-15T11:22:30Z" finished-at="2018-02-15T11:22:44Z">
          <reporter-output>
          </reporter-output>
        </test-method> <!-- preCondition -->
        <test-method status="PASS" signature="userRegistration()[pri:0, instance:com.mercurynewtours.tests.UserRegistration_Test@feb982]" name="userRegistration" duration-ms="77118" started-at="2018-02-15T11:22:44Z" finished-at="2018-02-15T11:24:02Z">
          <reporter-output>
          </reporter-output>
        </test-method> <!-- userRegistration -->
      </class> <!-- com.mercurynewtours.tests.UserRegistration_Test -->
    </test> <!-- Default test -->
  </suite> <!-- Default suite -->
</testng-results>
